Determining if the pthread_create exist failed with the following output:
Change Dir: /home/hussain/turtlebot_ws/build/CMakeFiles/CMakeTmp

Run Build Command:/usr/bin/make "cmTryCompileExec818532300/fast"
/usr/bin/make -f CMakeFiles/cmTryCompileExec818532300.dir/build.make CMakeFiles/cmTryCompileExec818532300.dir/build
make[1]: Entering directory `/home/hussain/turtlebot_ws/build/CMakeFiles/CMakeTmp'
/usr/bin/cmake -E cmake_progress_report /home/hussain/turtlebot_ws/build/CMakeFiles/CMakeTmp/CMakeFiles 1
Building C object CMakeFiles/cmTryCompileExec818532300.dir/CheckSymbolExists.c.o
/usr/bin/cc    -o CMakeFiles/cmTryCompileExec818532300.dir/CheckSymbolExists.c.o   -c /home/hussain/turtlebot_ws/build/CMakeFiles/CMakeTmp/CheckSymbolExists.c
Linking C executable cmTryCompileExec818532300
/usr/bin/cmake -E cmake_link_script CMakeFiles/cmTryCompileExec818532300.dir/link.txt --verbose=1
/usr/bin/cc       CMakeFiles/cmTryCompileExec818532300.dir/CheckSymbolExists.c.o  -o cmTryCompileExec818532300 -rdynamic 
CMakeFiles/cmTryCompileExec818532300.dir/CheckSymbolExists.c.o: In function `main':
CheckSymbolExists.c:(.text+0x16): undefined reference to `pthread_create'
collect2: error: ld returned 1 exit status
make[1]: *** [cmTryCompileExec818532300] Error 1
make[1]: Leaving directory `/home/hussain/turtlebot_ws/build/CMakeFiles/CMakeTmp'
make: *** [cmTryCompileExec818532300/fast] Error 2

File /home/hussain/turtlebot_ws/build/CMakeFiles/CMakeTmp/CheckSymbolExists.c:
/* */
#include <pthread.h>

int main(int argc, char** argv)
{
  (void)argv;
#ifndef pthread_create
  return ((int*)(&pthread_create))[argc];
#else
  (void)argc;
  return 0;
#endif
}

Determining if the function pthread_create exists in the pthreads failed with the following output:
Change Dir: /home/hussain/turtlebot_ws/build/CMakeFiles/CMakeTmp

Run Build Command:/usr/bin/make "cmTryCompileExec3916187448/fast"
/usr/bin/make -f CMakeFiles/cmTryCompileExec3916187448.dir/build.make CMakeFiles/cmTryCompileExec3916187448.dir/build
make[1]: Entering directory `/home/hussain/turtlebot_ws/build/CMakeFiles/CMakeTmp'
/usr/bin/cmake -E cmake_progress_report /home/hussain/turtlebot_ws/build/CMakeFiles/CMakeTmp/CMakeFiles 1
Building C object CMakeFiles/cmTryCompileExec3916187448.dir/CheckFunctionExists.c.o
/usr/bin/cc   -DCHECK_FUNCTION_EXISTS=pthread_create   -o CMakeFiles/cmTryCompileExec3916187448.dir/CheckFunctionExists.c.o   -c /usr/share/cmake-2.8/Modules/CheckFunctionExists.c
Linking C executable cmTryCompileExec3916187448
/usr/bin/cmake -E cmake_link_script CMakeFiles/cmTryCompileExec3916187448.dir/link.txt --verbose=1
/usr/bin/cc   -DCHECK_FUNCTION_EXISTS=pthread_create    CMakeFiles/cmTryCompileExec3916187448.dir/CheckFunctionExists.c.o  -o cmTryCompileExec3916187448 -rdynamic -lpthreads 
/usr/bin/ld: cannot find -lpthreads
collect2: error: ld returned 1 exit status
make[1]: *** [cmTryCompileExec3916187448] Error 1
make[1]: Leaving directory `/home/hussain/turtlebot_ws/build/CMakeFiles/CMakeTmp'
make: *** [cmTryCompileExec3916187448/fast] Error 2


